mode: atomic
github.com/deadnews/deadnews-template-go/v2/cmd/template-go/app.go:11.40,13.16 2 4
github.com/deadnews/deadnews-template-go/v2/cmd/template-go/app.go:13.16,15.3 1 2
github.com/deadnews/deadnews-template-go/v2/cmd/template-go/app.go:16.2,16.28 1 2
github.com/deadnews/deadnews-template-go/v2/cmd/template-go/app.go:20.25,21.19 1 3
github.com/deadnews/deadnews-template-go/v2/cmd/template-go/app.go:21.19,23.3 1 2
github.com/deadnews/deadnews-template-go/v2/cmd/template-go/config.go:14.36,19.19 2 2
github.com/deadnews/deadnews-template-go/v2/cmd/template-go/config.go:19.19,21.3 1 1
github.com/deadnews/deadnews-template-go/v2/cmd/template-go/config.go:23.2,23.17 1 1
github.com/deadnews/deadnews-template-go/v2/cmd/template-go/db.go:12.48,14.16 2 8
github.com/deadnews/deadnews-template-go/v2/cmd/template-go/db.go:14.16,16.3 1 2
github.com/deadnews/deadnews-template-go/v2/cmd/template-go/db.go:18.2,25.16 7 6
github.com/deadnews/deadnews-template-go/v2/cmd/template-go/db.go:25.16,27.3 1 0
github.com/deadnews/deadnews-template-go/v2/cmd/template-go/db.go:29.2,31.38 3 6
github.com/deadnews/deadnews-template-go/v2/cmd/template-go/db.go:31.38,34.3 2 2
github.com/deadnews/deadnews-template-go/v2/cmd/template-go/db.go:36.2,36.18 1 4
github.com/deadnews/deadnews-template-go/v2/cmd/template-go/db.go:46.84,50.16 3 7
github.com/deadnews/deadnews-template-go/v2/cmd/template-go/db.go:50.16,52.3 1 3
github.com/deadnews/deadnews-template-go/v2/cmd/template-go/db.go:54.2,54.19 1 4
github.com/deadnews/deadnews-template-go/v2/cmd/template-go/handler.go:14.63,17.56 3 4
github.com/deadnews/deadnews-template-go/v2/cmd/template-go/handler.go:17.56,19.3 1 1
github.com/deadnews/deadnews-template-go/v2/cmd/template-go/handler.go:23.70,25.2 1 1
github.com/deadnews/deadnews-template-go/v2/cmd/template-go/handler.go:27.59,29.2 1 1
github.com/deadnews/deadnews-template-go/v2/cmd/template-go/handler.go:32.76,34.16 2 4
github.com/deadnews/deadnews-template-go/v2/cmd/template-go/handler.go:34.16,38.3 3 1
github.com/deadnews/deadnews-template-go/v2/cmd/template-go/handler.go:40.2,40.39 1 3
github.com/deadnews/deadnews-template-go/v2/cmd/template-go/main.go:15.13,19.16 3 0
github.com/deadnews/deadnews-template-go/v2/cmd/template-go/main.go:19.16,22.3 2 0
github.com/deadnews/deadnews-template-go/v2/cmd/template-go/main.go:24.2,25.16 2 0
github.com/deadnews/deadnews-template-go/v2/cmd/template-go/main.go:25.16,28.3 2 0
github.com/deadnews/deadnews-template-go/v2/cmd/template-go/main.go:30.2,35.12 4 0
github.com/deadnews/deadnews-template-go/v2/cmd/template-go/main.go:35.12,42.54 5 0
github.com/deadnews/deadnews-template-go/v2/cmd/template-go/main.go:42.54,44.4 1 0
github.com/deadnews/deadnews-template-go/v2/cmd/template-go/main.go:44.9,46.4 1 0
github.com/deadnews/deadnews-template-go/v2/cmd/template-go/main.go:48.3,48.14 1 0
github.com/deadnews/deadnews-template-go/v2/cmd/template-go/main.go:51.2,52.89 2 0
github.com/deadnews/deadnews-template-go/v2/cmd/template-go/main.go:52.89,54.3 1 0
github.com/deadnews/deadnews-template-go/v2/cmd/template-go/main.go:57.41,70.2 4 5
github.com/deadnews/deadnews-template-go/v2/cmd/template-go/middleware.go:15.49,18.2 2 19
github.com/deadnews/deadnews-template-go/v2/cmd/template-go/middleware.go:20.56,22.2 1 1
github.com/deadnews/deadnews-template-go/v2/cmd/template-go/middleware.go:25.45,26.71 1 15
github.com/deadnews/deadnews-template-go/v2/cmd/template-go/middleware.go:26.71,27.30 1 17
github.com/deadnews/deadnews-template-go/v2/cmd/template-go/middleware.go:27.30,30.4 2 4
github.com/deadnews/deadnews-template-go/v2/cmd/template-go/middleware.go:32.3,37.10 5 13
github.com/deadnews/deadnews-template-go/v2/cmd/template-go/middleware.go:38.25,39.27 1 3
github.com/deadnews/deadnews-template-go/v2/cmd/template-go/middleware.go:40.25,41.26 1 5
github.com/deadnews/deadnews-template-go/v2/cmd/template-go/middleware.go:44.3,50.4 1 13
github.com/deadnews/deadnews-template-go/v2/cmd/template-go/middleware.go:55.48,56.71 1 11
github.com/deadnews/deadnews-template-go/v2/cmd/template-go/middleware.go:56.71,57.16 1 13
github.com/deadnews/deadnews-template-go/v2/cmd/template-go/middleware.go:57.16,58.36 1 13
github.com/deadnews/deadnews-template-go/v2/cmd/template-go/middleware.go:58.36,61.5 2 4
github.com/deadnews/deadnews-template-go/v2/cmd/template-go/middleware.go:63.3,63.23 1 13
